<?xml version="1.0" encoding="UTF-8"?>
<!-- Generated by org.testng.reporters.JUnitReportReporter -->
<testsuite hostname="DESKTOP-5ASHKJ7" failures="0" tests="1" name="com.abc.autotest.HomePageTestCase" time="8.893" errors="0" timestamp="16 Nov 2022 07:30:36 GMT" skipped="0">
  <testcase classname="com.abc.autotest.HomePageTestCase" name="HomePage" time="8.893"/>
</testsuite> <!-- com.abc.autotest.HomePageTestCase -->
